2026-01-07 12:37:09,552 INFO [diag] step 0 x_hat[0.011,0.578] y_hat[-0.002,0.493] z_hat[0.012,0.390]
2026-01-07 12:37:26,957 INFO epoch 0 loss 0.1563 time 31.6s eta 00:25:50 Ly 0.0238 Lz 0.0742
2026-01-07 12:37:36,893 INFO [diag] step 20 x_hat[0.012,0.569] y_hat[0.003,0.509] z_hat[0.005,0.402]
2026-01-07 12:37:44,522 INFO epoch 1 loss 0.1362 time 17.6s eta 00:14:03 Ly 0.0210 Lz 0.0700
2026-01-07 12:38:01,593 INFO epoch 2 loss 0.1365 time 17.1s eta 00:13:22 Ly 0.0209 Lz 0.0721
2026-01-07 12:38:04,962 INFO [diag] step 40 x_hat[0.013,0.563] y_hat[0.015,0.466] z_hat[-0.004,0.447]
2026-01-07 12:38:20,480 INFO epoch 3 loss 0.1321 time 18.9s eta 00:14:29 Ly 0.0195 Lz 0.0696
2026-01-07 12:38:33,086 INFO [diag] step 60 x_hat[0.016,0.573] y_hat[0.000,0.501] z_hat[0.012,0.451]
2026-01-07 12:38:38,949 INFO epoch 4 loss 0.1315 time 18.5s eta 00:13:51 Ly 0.0209 Lz 0.0677
2026-01-07 12:38:52,998 INFO epoch 5 loss 0.1385 time 14.0s eta 00:10:18 Ly 0.0290 Lz 0.0668
2026-01-07 12:38:57,148 INFO [diag] step 80 x_hat[-0.086,0.552] y_hat[0.003,0.485] z_hat[-0.004,0.434]
2026-01-07 12:39:12,128 INFO epoch 6 loss 0.1330 time 19.1s eta 00:13:43 Ly 0.0262 Lz 0.0643
2026-01-07 12:39:22,452 INFO [diag] step 100 x_hat[0.010,0.560] y_hat[0.010,0.493] z_hat[0.006,0.384]
2026-01-07 12:39:25,838 INFO epoch 7 loss 0.1294 time 13.7s eta 00:09:36 Ly 0.0211 Lz 0.0659
2026-01-07 12:39:43,994 INFO epoch 8 loss 0.1247 time 18.2s eta 00:12:24 Ly 0.0171 Lz 0.0653
2026-01-07 12:39:48,690 INFO [diag] step 120 x_hat[0.012,0.556] y_hat[0.017,0.490] z_hat[-0.000,0.438]
2026-01-07 12:40:00,078 INFO epoch 9 loss 0.1249 time 16.1s eta 00:10:43 Ly 0.0168 Lz 0.0660
2026-01-07 12:40:01,929 INFO [eval] epoch 10 psnr 22.336 psnr_az 20.339 ssim 0.4903 sam 0.1814 ergas 5.7958 qnr 0.1882
2026-01-07 12:40:18,014 INFO [diag] step 140 x_hat[0.014,0.561] y_hat[0.016,0.496] z_hat[0.008,0.377]
2026-01-07 12:40:20,268 INFO epoch 10 loss 0.1263 time 18.3s eta 00:11:55 Ly 0.0172 Lz 0.0670
2026-01-07 12:40:36,710 INFO epoch 11 loss 0.1239 time 16.4s eta 00:10:25 Ly 0.0168 Lz 0.0652
2026-01-07 12:40:42,589 INFO [diag] step 160 x_hat[0.011,0.549] y_hat[0.017,0.492] z_hat[0.012,0.432]
2026-01-07 12:40:53,082 INFO epoch 12 loss 0.1240 time 16.4s eta 00:10:06 Ly 0.0174 Lz 0.0648
2026-01-07 12:41:09,238 INFO [diag] step 180 x_hat[0.008,0.548] y_hat[0.018,0.490] z_hat[0.001,0.428]
2026-01-07 12:41:10,302 INFO epoch 13 loss 0.1272 time 17.2s eta 00:10:20 Ly 0.0184 Lz 0.0672
2026-01-07 12:41:26,914 INFO epoch 14 loss 0.1244 time 16.6s eta 00:09:41 Ly 0.0179 Lz 0.0650
2026-01-07 12:41:34,695 INFO [diag] step 200 x_hat[0.012,0.539] y_hat[0.020,0.487] z_hat[0.007,0.368]
2026-01-07 12:41:44,106 INFO epoch 15 loss 0.1294 time 17.2s eta 00:09:44 Ly 0.0193 Lz 0.0688
2026-01-07 12:42:01,992 INFO [diag] step 220 x_hat[0.017,0.521] y_hat[0.025,0.442] z_hat[-0.002,0.423]
2026-01-07 12:42:01,993 INFO epoch 16 loss 0.1271 time 17.9s eta 00:09:50 Ly 0.0192 Lz 0.0666
2026-01-07 12:42:19,194 INFO epoch 17 loss 0.1233 time 17.2s eta 00:09:10 Ly 0.0186 Lz 0.0636
2026-01-07 12:42:26,256 INFO [diag] step 240 x_hat[-0.007,0.529] y_hat[0.024,0.486] z_hat[0.001,0.371]
2026-01-07 12:42:35,713 INFO epoch 18 loss 0.1251 time 16.5s eta 00:08:32 Ly 0.0193 Lz 0.0647
2026-01-07 12:42:51,466 INFO epoch 19 loss 0.1269 time 15.8s eta 00:07:53 Ly 0.0197 Lz 0.0661
2026-01-07 12:42:52,800 INFO [eval] epoch 20 psnr 18.878 psnr_az 18.582 ssim 0.3902 sam 0.4003 ergas 8.5333 qnr 0.0968
2026-01-07 12:42:54,523 INFO [diag] step 260 x_hat[0.009,0.517] y_hat[0.025,0.482] z_hat[0.022,0.420]
2026-01-07 12:43:12,143 INFO epoch 20 loss 0.1353 time 19.3s eta 00:09:21 Ly 0.0268 Lz 0.0675
2026-01-07 12:43:23,424 INFO [diag] step 280 x_hat[0.017,0.535] y_hat[0.024,0.465] z_hat[0.010,0.437]
2026-01-07 12:43:27,085 INFO epoch 21 loss 0.1644 time 14.9s eta 00:06:58 Ly 0.0497 Lz 0.0735
2026-01-07 12:43:43,735 INFO epoch 22 loss 0.1538 time 16.6s eta 00:07:30 Ly 0.0440 Lz 0.0688
2026-01-07 12:43:46,592 INFO [diag] step 300 x_hat[-0.079,0.478] y_hat[0.011,0.393] z_hat[0.014,0.314]
2026-01-07 12:43:58,395 INFO epoch 23 loss 0.1513 time 14.7s eta 00:06:21 Ly 0.0414 Lz 0.0688
2026-01-07 12:44:10,629 INFO [diag] step 320 x_hat[0.013,0.528] y_hat[0.019,0.469] z_hat[0.020,0.419]
2026-01-07 12:44:15,236 INFO epoch 24 loss 0.1242 time 16.8s eta 00:07:01 Ly 0.0207 Lz 0.0624
2026-01-07 12:44:32,644 INFO epoch 25 loss 0.1237 time 17.4s eta 00:06:58 Ly 0.0207 Lz 0.0619
2026-01-07 12:44:37,526 INFO [diag] step 340 x_hat[-0.007,0.523] y_hat[0.014,0.431] z_hat[0.023,0.369]
2026-01-07 12:44:50,651 INFO epoch 26 loss 0.1246 time 18.0s eta 00:06:54 Ly 0.0210 Lz 0.0626
2026-01-07 12:45:02,536 INFO [diag] step 360 x_hat[0.014,0.515] y_hat[0.018,0.479] z_hat[0.023,0.355]
2026-01-07 12:45:07,205 INFO epoch 27 loss 0.1236 time 16.6s eta 00:06:04 Ly 0.0198 Lz 0.0627
2026-01-07 12:45:24,307 INFO epoch 28 loss 0.1234 time 17.1s eta 00:05:59 Ly 0.0195 Lz 0.0629
2026-01-07 12:45:27,160 INFO [diag] step 380 x_hat[0.017,0.524] y_hat[0.026,0.478] z_hat[0.022,0.417]
2026-01-07 12:45:38,198 INFO epoch 29 loss 0.1260 time 13.9s eta 00:04:38 Ly 0.0206 Lz 0.0644
2026-01-07 12:45:39,119 INFO [eval] epoch 30 psnr 21.863 psnr_az 20.285 ssim 0.4822 sam 0.2006 ergas 6.1378 qnr 0.1728
2026-01-07 12:45:53,601 INFO [diag] step 400 x_hat[-0.105,0.362] y_hat[-0.021,0.303] z_hat[0.013,0.207]
2026-01-07 12:45:54,825 INFO epoch 30 loss 0.1429 time 15.7s eta 00:04:58 Ly 0.0342 Lz 0.0677
2026-01-07 12:46:13,138 INFO epoch 31 loss 0.1328 time 18.3s eta 00:05:30 Ly 0.0268 Lz 0.0648
2026-01-07 12:46:20,219 INFO [diag] step 420 x_hat[0.004,0.510] y_hat[0.020,0.476] z_hat[0.021,0.416]
2026-01-07 12:46:30,175 INFO epoch 32 loss 0.1323 time 17.0s eta 00:04:50 Ly 0.0249 Lz 0.0663
2026-01-07 12:46:46,488 INFO [diag] step 440 x_hat[0.010,0.556] y_hat[0.027,0.477] z_hat[0.017,0.369]
2026-01-07 12:46:47,409 INFO epoch 33 loss 0.1329 time 17.2s eta 00:04:36 Ly 0.0275 Lz 0.0644
2026-01-07 12:47:05,869 INFO epoch 34 loss 0.1367 time 18.5s eta 00:04:37 Ly 0.0290 Lz 0.0666
2026-01-07 12:47:11,073 INFO [diag] step 460 x_hat[0.016,0.522] y_hat[0.020,0.475] z_hat[0.017,0.414]
2026-01-07 12:47:19,886 INFO epoch 35 loss 0.1266 time 14.0s eta 00:03:16 Ly 0.0236 Lz 0.0619
2026-01-07 12:47:38,608 INFO [diag] step 480 x_hat[0.001,0.520] y_hat[0.033,0.474] z_hat[0.041,0.363]
2026-01-07 12:47:38,608 INFO epoch 36 loss 0.1344 time 18.7s eta 00:04:03 Ly 0.0287 Lz 0.0645
2026-01-07 12:47:55,653 INFO epoch 37 loss 0.1302 time 17.0s eta 00:03:25 Ly 0.0261 Lz 0.0629
2026-01-07 12:48:07,172 INFO [diag] step 500 x_hat[0.001,0.520] y_hat[0.029,0.473] z_hat[0.014,0.366]
2026-01-07 12:48:12,769 INFO epoch 38 loss 0.1308 time 17.1s eta 00:03:08 Ly 0.0273 Lz 0.0622
2026-01-07 12:48:28,508 INFO epoch 39 loss 0.1462 time 15.7s eta 00:02:37 Ly 0.0382 Lz 0.0667
2026-01-07 12:48:29,410 INFO [eval] epoch 40 psnr 19.493 psnr_az 19.319 ssim 0.4439 sam 0.3180 ergas 7.6507 qnr 0.1119
2026-01-07 12:48:30,848 INFO [diag] step 520 x_hat[-0.078,0.351] y_hat[-0.003,0.294] z_hat[0.011,0.233]
2026-01-07 12:48:44,930 INFO epoch 40 loss 0.1525 time 15.5s eta 00:02:20 Ly 0.0445 Lz 0.0669
2026-01-07 12:48:56,420 INFO [diag] step 540 x_hat[0.043,0.529] y_hat[0.026,0.467] z_hat[0.019,0.412]
2026-01-07 12:49:03,079 INFO epoch 41 loss 0.1425 time 18.1s eta 00:02:25 Ly 0.0362 Lz 0.0652
2026-01-07 12:49:18,542 INFO epoch 42 loss 0.1207 time 15.5s eta 00:01:48 Ly 0.0210 Lz 0.0585
2026-01-07 12:49:21,404 INFO [diag] step 560 x_hat[-0.020,0.389] y_hat[0.037,0.355] z_hat[0.026,0.317]
2026-01-07 12:49:35,266 INFO epoch 43 loss 0.1281 time 16.7s eta 00:01:40 Ly 0.0268 Lz 0.0601
2026-01-07 12:49:44,858 INFO [diag] step 580 x_hat[-0.050,0.393] y_hat[0.019,0.285] z_hat[0.024,0.223]
2026-01-07 12:49:49,791 INFO epoch 44 loss 0.1388 time 14.5s eta 00:01:13 Ly 0.0353 Lz 0.0623
2026-01-07 12:50:08,230 INFO epoch 45 loss 0.1488 time 18.4s eta 00:01:14 Ly 0.0422 Lz 0.0653
2026-01-07 12:50:09,814 INFO [diag] step 600 x_hat[-0.105,0.366] y_hat[-0.010,0.261] z_hat[0.019,0.227]
2026-01-07 12:50:22,381 INFO epoch 46 loss 0.1273 time 14.2s eta 00:00:42 Ly 0.0267 Lz 0.0594
2026-01-07 12:50:38,077 INFO [diag] step 620 x_hat[-0.076,0.417] y_hat[-0.013,0.370] z_hat[0.017,0.270]
2026-01-07 12:50:41,208 INFO epoch 47 loss 0.1260 time 18.8s eta 00:00:38 Ly 0.0253 Lz 0.0595
2026-01-07 12:50:56,587 INFO epoch 48 loss 0.1251 time 15.4s eta 00:00:15 Ly 0.0260 Lz 0.0579
2026-01-07 12:51:01,720 INFO [diag] step 640 x_hat[-0.031,0.383] y_hat[0.028,0.283] z_hat[0.032,0.214]
2026-01-07 12:51:12,326 INFO epoch 49 loss 0.1637 time 15.7s eta 00:00:00 Ly 0.0525 Lz 0.0700
2026-01-07 12:51:13,616 INFO [eval] epoch 50 psnr 20.656 psnr_az 20.409 ssim 0.4634 sam 0.2988 ergas 6.6420 qnr 0.1727
